 PARAMETER DEFINITIONS:
    NO.   NAME         VALUE      STEP SIZE      LIMITS
     1 x0           0.00000e+00  1.00000e-01   -5.00000e+00  5.00000e+00
     2 y0           3.81100e+01  1.00000e-01    3.31100e+01  4.31100e+01
     3 z0          -2.08000e+00  1.00000e-01   -7.08000e+00  2.92000e+00
     4 axisRx       3.81390e+01  1.00000e-01    3.31390e+01  4.31390e+01
     5 axisRy       0.00000e+00  1.00000e-02   -1.00000e+00  1.00000e+00
     6 axisRz       0.00000e+00  1.00000e-02   -1.00000e+00  1.00000e+00
 **********
 **    1 **SET PRINT           1
 **********
 **********
 **    2 **HESSE        1000
 **********
 FIRST CALL TO USER FUNCTION AT NEW START POINT, WITH IFLAG=4.
0, 38.11, -2.08, 38.139, 0, 0     chi2: 0.00306264
0, 38.11, -2.08, 38.139, 0, 0     chi2: 0.00306264
0.0100007, 38.11, -2.08, 38.139, 0, 0     chi2: 0.0058485
-0.0100007, 38.11, -2.08, 38.139, 0, 0     chi2: 0.00167692
0.00591482, 38.11, -2.08, 38.139, 0, 0     chi2: 0.00454116
-0.00591482, 38.11, -2.08, 38.139, 0, 0     chi2: 0.0020739
0, 38.12, -2.08, 38.139, 0, 0     chi2: 0.00368308
0, 38.1, -2.08, 38.139, 0, 0     chi2: 0.00324228
0, 38.11, -2.07, 38.139, 0, 0     chi2: 0.00333368
0, 38.11, -2.09, 38.139, 0, 0     chi2: 0.00339166
0, 38.11, -2.08, 38.149, 0, 0     chi2: 0.00391604
0, 38.11, -2.08, 38.129, 0, 0     chi2: 0.00360943
0, 38.11, -2.08, 38.1449, 0, 0     chi2: 0.0033982
0, 38.11, -2.08, 38.1331, 0, 0     chi2: 0.00321686
0, 38.11, -2.08, 38.139, 0.00100002, 0     chi2: 0.00292052
0, 38.11, -2.08, 38.139, -0.00100002, 0     chi2: 0.00321276
0, 38.11, -2.08, 38.139, 0.00782493, 0     chi2: 0.00216415
0, 38.11, -2.08, 38.139, -0.00782493, 0     chi2: 0.00445089
0, 38.11, -2.08, 38.139, 0, 0.00100002     chi2: 0.00295966
0, 38.11, -2.08, 38.139, 0, -0.00100002     chi2: 0.00317162
0, 38.11, -2.08, 38.139, 0, 0.00903394     chi2: 0.00235009
0, 38.11, -2.08, 38.139, 0, -0.00903394     chi2: 0.00426495
0.0001307, 38.11, -2.08, 38.139, 0, 0     chi2: 0.00309002
-0.0001307, 38.11, -2.08, 38.139, 0, 0     chi2: 0.0030355
0, 38.1102, -2.08, 38.139, 0, 0     chi2: 0.00306657
0, 38.1098, -2.08, 38.139, 0, 0     chi2: 0.00305895
0, 38.11, -2.0798, 38.139, 0, 0     chi2: 0.00306218
0, 38.11, -2.0802, 38.139, 0, 0     chi2: 0.00306334
0, 38.11, -2.08, 38.1391, 0, 0     chi2: 0.00306476
0, 38.11, -2.08, 38.1389, 0, 0     chi2: 0.00306076
0, 38.11, -2.08, 38.139, 0.000172912, 0     chi2: 0.00303749
0, 38.11, -2.08, 38.139, -0.000172912, 0     chi2: 0.00308803
0, 38.11, -2.08, 38.139, 0, 0.000199629     chi2: 0.0030416
0, 38.11, -2.08, 38.139, 0, -0.000199629     chi2: 0.00308392
0.00591482, 38.12, -2.08, 38.139, 0, 0     chi2: 0.00516137
0.00591482, 38.11, -2.07, 38.139, 0, 0     chi2: 0.004812
0, 38.12, -2.07, 38.139, 0, 0     chi2: 0.00395366
0.00591482, 38.11, -2.08, 38.1449, 0, 0     chi2: 0.00487649
0, 38.12, -2.08, 38.1449, 0, 0     chi2: 0.00401956
0, 38.11, -2.07, 38.1449, 0, 0     chi2: 0.00411071
0.00591482, 38.11, -2.08, 38.139, 0.00782493, 0     chi2: 0.00364194
0, 38.12, -2.08, 38.139, 0.00782493, 0     chi2: 0.00278502
0, 38.11, -2.07, 38.139, 0.00782493, 0     chi2: 0.00243525
0, 38.11, -2.08, 38.1449, 0.00782493, 0     chi2: 0.00249988
0.00591482, 38.11, -2.08, 38.139, 0, 0.00903394     chi2: 0.00342975
0, 38.12, -2.08, 38.139, 0, 0.00903394     chi2: 0.00297054
0, 38.11, -2.07, 38.139, 0, 0.00903394     chi2: 0.00262155
0, 38.11, -2.08, 38.1449, 0, 0.00903394     chi2: 0.00268581
0, 38.11, -2.08, 38.139, 0.00782493, 0.00903394     chi2: 0.00145125
 COVARIANCE MATRIX CALCULATED SUCCESSFULLY
 FCN=0.00306264 FROM HESSE     STATUS=OK             48 CALLS          49 TOTAL
                     EDM=0.00591944    STRATEGY= 1      ERROR MATRIX ACCURATE 
  EXT PARAMETER                                INTERNAL      INTERNAL  
  NO.   NAME      VALUE            ERROR       STEP SIZE       VALUE   
   1  x0           0.00000e+00   6.49467e-01   1.18296e-03   0.00000e+00
   2  y0           3.81100e+01   4.99178e-01   2.00013e-03   0.00000e+00
   3  z0          -2.08000e+00   9.88227e-01   2.00013e-03   0.00000e+00
   4  axisRx       3.81390e+01   6.49385e-01   1.18295e-03   0.00000e+00
   5  axisRy       0.00000e+00   4.79464e-01   7.82501e-03   0.00000e+00
   6  axisRz       0.00000e+00   8.38647e-01   9.03406e-03   0.00000e+00
 EXTERNAL ERROR MATRIX.    NDIM=  25    NPAR=  6    ERR DEF=1
  4.242e-01  2.011e-04 -8.042e-04  5.132e-04  1.164e-03  5.277e-01 
  2.011e-04  2.500e-01  1.591e-03 -1.124e-03 -1.700e-04  2.492e-04 
 -8.042e-04  1.591e-03  9.896e-01 -5.275e-01  1.409e-04 -1.491e-03 
  5.132e-04 -1.124e-03 -5.275e-01  4.241e-01 -1.395e-04  8.283e-04 
  1.164e-03 -1.700e-04  1.409e-04 -1.395e-04  2.500e-01  1.659e-03 
  5.277e-01  2.492e-04 -1.491e-03  8.283e-04  1.659e-03  9.896e-01 
 PARAMETER  CORRELATION COEFFICIENTS  
       NO.  GLOBAL      1      2      3      4      5      6
        1  0.81438   1.000  0.001 -0.001  0.001  0.004  0.814
        2  0.00364   0.001  1.000  0.003 -0.003 -0.001  0.001
        3  0.81434  -0.001  0.003  1.000 -0.814  0.000 -0.002
        4  0.81434   0.001 -0.003 -0.814  1.000 -0.000  0.001
        5  0.00374   0.004 -0.001  0.000 -0.000  1.000  0.003
        6  0.81438   0.814  0.001 -0.002  0.001  0.003  1.000
 **********
 **    3 **MIGRAD        5000      0.0001
 **********
 START MIGRAD MINIMIZATION.  STRATEGY  1.  CONVERGENCE WHEN EDM .LT. 1.00e-07
0.000184838, 38.11, -2.08, 38.139, 0, 0     chi2: 0.00310143
-0.000184838, 38.11, -2.08, 38.139, 0, 0     chi2: 0.00302433
0, 38.1102, -2.08, 38.139, 0, 0     chi2: 0.00306827
0, 38.1098, -2.08, 38.139, 0, 0     chi2: 0.00305749
0, 38.11, -2.07972, 38.139, 0, 0     chi2: 0.00306206
0, 38.11, -2.08028, 38.139, 0, 0     chi2: 0.0030637
0, 38.11, -2.08, 38.1392, 0, 0     chi2: 0.00306571
0, 38.11, -2.08, 38.1388, 0, 0     chi2: 0.00306005
0, 38.11, -2.08, 38.139, 0.000244534, 0     chi2: 0.00302715
0, 38.11, -2.08, 38.139, -0.000244534, 0     chi2: 0.00309861
0, 38.11, -2.08, 38.139, 0, 0.000282318     chi2: 0.00303296
0, 38.11, -2.08, 38.139, 0, -0.000282318     chi2: 0.0030928
 FCN=0.00306264 FROM MIGRAD    STATUS=INITIATE       12 CALLS          61 TOTAL
                     EDM=0.00295972    STRATEGY= 1      ERROR MATRIX ACCURATE 
  EXT PARAMETER                                   STEP         FIRST   
  NO.   NAME      VALUE            ERROR          SIZE      DERIVATIVE 
   1  x0           0.00000e+00   6.49467e-01   1.18296e-03   1.04283e+00
   2  y0           3.81100e+01   4.99178e-01   2.00013e-03   1.10194e-01
   3  z0          -2.08000e+00   9.88227e-01   2.00013e-03  -1.44787e-02
   4  axisRx       3.81390e+01   6.49385e-01   1.18295e-03   7.66485e-02
   5  axisRy       0.00000e+00   4.79464e-01   7.82501e-03  -1.46119e-01
   6  axisRz       0.00000e+00   8.38647e-01   9.03406e-03  -1.05982e-01
-0.0161983, 38.1072, -2.07453, 38.135, 0.0182367, -0.00247467     chi2: 0.000103441
-0.0160137, 38.1072, -2.07453, 38.135, 0.0182367, -0.00247467     chi2: 0.000103675
-0.0163829, 38.1072, -2.07453, 38.135, 0.0182367, -0.00247467     chi2: 0.000103685
-0.0161983, 38.1075, -2.07453, 38.135, 0.0182367, -0.00247467     chi2: 0.000103654
-0.0161983, 38.107, -2.07453, 38.135, 0.0182367, -0.00247467     chi2: 0.000103705
-0.0161983, 38.1072, -2.07424, 38.135, 0.0182367, -0.00247467     chi2: 0.000103678
-0.0161983, 38.1072, -2.07481, 38.135, 0.0182367, -0.00247467     chi2: 0.000103682
-0.0161983, 38.1072, -2.07453, 38.1352, 0.0182367, -0.00247467     chi2: 0.000103668
-0.0161983, 38.1072, -2.07453, 38.1348, 0.0182367, -0.00247467     chi2: 0.000103691
-0.0161983, 38.1072, -2.07453, 38.135, 0.0184808, -0.00247467     chi2: 0.000103687
-0.0161983, 38.1072, -2.07453, 38.135, 0.0179926, -0.00247467     chi2: 0.000103673
-0.0161983, 38.1072, -2.07453, 38.135, 0.0182367, -0.00219277     chi2: 0.00010368
-0.0161983, 38.1072, -2.07453, 38.135, 0.0182367, -0.00275656     chi2: 0.00010368
 MIGRAD MINIMIZATION HAS CONVERGED.
 FCN=0.000103441 FROM MIGRAD    STATUS=CONVERGED      25 CALLS          74 TOTAL
                     EDM=1.12575e-09    STRATEGY= 1  ERROR MATRIX UNCERTAINTY   0.0 per cent
  EXT PARAMETER                                   STEP         FIRST   
  NO.   NAME      VALUE            ERROR          SIZE      DERIVATIVE 
   1  x0          -1.61983e-02   6.49429e-01  -3.23966e-03  -1.43711e-04
   2  y0           3.81072e+01   4.99154e-01  -5.52847e-04  -5.21661e-04
   3  z0          -2.07453e+00   9.88204e-01   1.09479e-03  -3.54736e-05
   4  axisRx       3.81350e+01   6.49362e-01  -8.04372e-04  -3.12380e-04
   5  axisRy       1.82367e-02   4.79371e-01   1.82377e-02   2.84986e-05
   6  axisRz      -2.47467e-03   8.38641e-01  -2.47467e-03  -2.00933e-08
 EXTERNAL ERROR MATRIX.    NDIM=  25    NPAR=  6    ERR DEF=1
  4.242e-01  1.279e-04 -7.299e-04  4.485e-04  1.196e-03  5.276e-01 
  1.279e-04  2.500e-01  1.626e-03 -1.152e-03 -9.078e-05  2.318e-04 
 -7.299e-04  1.626e-03  9.895e-01 -5.275e-01  6.328e-05 -1.468e-03 
  4.485e-04 -1.152e-03 -5.275e-01  4.241e-01 -7.111e-05  8.093e-04 
  1.196e-03 -9.078e-05  6.328e-05 -7.111e-05  2.499e-01  1.704e-03 
  5.276e-01  2.318e-04 -1.468e-03  8.093e-04  1.704e-03  9.896e-01 
 PARAMETER  CORRELATION COEFFICIENTS  
       NO.  GLOBAL      1      2      3      4      5      6
        1  0.81437   1.000  0.000 -0.001  0.001  0.004  0.814
        2  0.00365   0.000  1.000  0.003 -0.004 -0.000  0.000
        3  0.81433  -0.001  0.003  1.000 -0.814  0.000 -0.001
        4  0.81433   0.001 -0.004 -0.814  1.000 -0.000  0.001
        5  0.00378   0.004 -0.000  0.000 -0.000  1.000  0.003
        6  0.81437   0.814  0.000 -0.001  0.001  0.003  1.000
